<?xml version="1.0" encoding="UTF-8"?>
<!-- Generated by org.testng.reporters.JUnitXMLReporter -->
<testsuite ignored="0" hostname="WRN-SAHNED2" failures="0" tests="2" name="Valid user login tests" time="56.168" errors="0" timestamp="2022-03-03T17:48:31 EST">
  <testcase classname="Tests.ValidUserLoginTests" name="ValidUserLoginTest" time="43.873"/>
  <testcase classname="Tests.InvalidUserLoginTest$InValidUserLoginTests" name="InvalidUserLoginTest" time="7.144"/>
</testsuite> <!-- Valid user login tests -->
