<?xml version="1.0" encoding="UTF-8"?>
<!-- Generated by org.testng.reporters.JUnitXMLReporter -->
<testsuite hostname="WRN-SAHNED2" ignored="0" name="Parallel Testing Suite" tests="6" failures="0" timestamp="2022-03-30T11:15:01 EDT" time="143.113" errors="0">
  <testcase name="InvalidUserLoginTest" time="8.647" classname="Tests.InvalidUserLoginTest$InValidUserLoginTests"/>
  <testcase name="InvalidUserLoginTest" time="7.43" classname="Tests.InvalidUserLoginTest$InValidUserLoginTests"/>
  <testcase name="InvalidUserLoginTest" time="7.362" classname="Tests.InvalidUserLoginTest$InValidUserLoginTests"/>
  <testcase name="ValidUserLoginTest" time="45.109" classname="Tests.ValidUserLoginTests"/>
  <testcase name="ValidUserLoginTest" time="43.153" classname="Tests.ValidUserLoginTests"/>
  <testcase name="ValidUserLoginTest" time="42.039" classname="Tests.ValidUserLoginTests"/>
</testsuite> <!-- Parallel Testing Suite -->
