<?xml version="1.0" encoding="UTF-8"?>
<testsuite xmlns:xsi="http://www.w3.org/2001/XMLSchema-instance" xsi:noNamespaceSchemaLocation="https://maven.apache.org/surefire/maven-surefire-plugin/xsd/surefire-test-report.xsd" name="TestSuite" time="145.566" tests="6" errors="0" skipped="0" failures="0">
  <properties>
[...]
</properties>
  <testcase name="InvalidUserLoginTest" classname="Tests.InvalidUserLoginTest$InValidUserLoginTests" time="8.651"/>
  <testcase name="InvalidUserLoginTest" classname="Tests.InvalidUserLoginTest$InValidUserLoginTests" time="7.43"/>
  <testcase name="InvalidUserLoginTest" classname="Tests.InvalidUserLoginTest$InValidUserLoginTests" time="7.363"/>
  <testcase name="ValidUserLoginTest" classname="Tests.ValidUserLoginTests" time="22.264"/>
  <testcase name="ValidUserLoginTest" classname="Tests.ValidUserLoginTests" time="43.153"/>
  <testcase name="ValidUserLoginTest" classname="Tests.ValidUserLoginTests" time="42.054"/>
</testsuite>