<?xml version="1.0" encoding="UTF-8"?>
<testng-results ignored="0" total="2" passed="2" failed="0" skipped="0">
  <reporter-output>
  </reporter-output>
  <suite started-at="2022-03-03T17:47:35 EST" name="Recon Web App test suite" finished-at="2022-03-03T17:48:31 EST" duration-ms="56168">
    <groups>
    </groups>
    <test started-at="2022-03-03T17:47:35 EST" name="Valid user login tests" finished-at="2022-03-03T17:48:31 EST" duration-ms="56168">
      <class name="Tests.InvalidUserLoginTest$InValidUserLoginTests">
        <test-method is-config="true" signature="LaunchApplication()[pri:0, instance:Tests.InvalidUserLoginTest$InValidUserLoginTests@773f7880]" started-at="2022-03-03T17:48:22 EST" name="LaunchApplication" finished-at="2022-03-03T17:48:23 EST" duration-ms="1795" status="PASS">
          <reporter-output>
          </reporter-output>
        </test-method> <!-- LaunchApplication -->
        <test-method signature="InvalidUserLoginTest(java.lang.Object)[pri:0, instance:Tests.InvalidUserLoginTest$InValidUserLoginTests@773f7880]" started-at="2022-03-03T17:48:23 EST" name="InvalidUserLoginTest" description="InValid username and password test" data-provider="InValidUsers" finished-at="2022-03-03T17:48:31 EST" duration-ms="7144" status="PASS">
          <params>
            <param index="0">
              <value>
                <![CDATA[{password=Test123, username=Test}]]>
              </value>
            </param>
          </params>
          <reporter-output>
          </reporter-output>
        </test-method> <!-- InvalidUserLoginTest -->
        <test-method is-config="true" signature="tearDown()[pri:0, instance:Tests.InvalidUserLoginTest$InValidUserLoginTests@773f7880]" started-at="2022-03-03T17:48:31 EST" name="tearDown" finished-at="2022-03-03T17:48:31 EST" duration-ms="186" status="PASS">
          <reporter-output>
          </reporter-output>
        </test-method> <!-- tearDown -->
      </class> <!-- Tests.InvalidUserLoginTest$InValidUserLoginTests -->
      <class name="Tests.ValidUserLoginTests">
        <test-method is-config="true" signature="LaunchApplication()[pri:0, instance:Tests.ValidUserLoginTests@65a4798f]" started-at="2022-03-03T17:47:35 EST" name="LaunchApplication" finished-at="2022-03-03T17:47:38 EST" duration-ms="2728" status="PASS">
          <reporter-output>
          </reporter-output>
        </test-method> <!-- LaunchApplication -->
        <test-method signature="ValidUserLoginTest(java.lang.Object)[pri:0, instance:Tests.ValidUserLoginTests@65a4798f]" started-at="2022-03-03T17:47:38 EST" name="ValidUserLoginTest" description="Valid username and password test" data-provider="validUserLoginData" finished-at="2022-03-03T17:48:21 EST" duration-ms="43873" status="PASS">
          <params>
            <param index="0">
              <value>
                <![CDATA[{password=myaplui123, username=lpb05}]]>
              </value>
            </param>
          </params>
          <reporter-output>
          </reporter-output>
        </test-method> <!-- ValidUserLoginTest -->
        <test-method is-config="true" signature="tearDown()[pri:0, instance:Tests.ValidUserLoginTests@65a4798f]" started-at="2022-03-03T17:48:21 EST" name="tearDown" finished-at="2022-03-03T17:48:22 EST" duration-ms="188" status="PASS">
          <reporter-output>
          </reporter-output>
        </test-method> <!-- tearDown -->
      </class> <!-- Tests.ValidUserLoginTests -->
    </test> <!-- Valid user login tests -->
  </suite> <!-- Recon Web App test suite -->
</testng-results>
